This is pdfTeX, Version 3.141592653-2.6-1.40.27 (TeX Live 2025) (preloaded format=pdflatex 2025.3.8)  2 APR 2026 21:37
entering extended mode
 restricted \write18 enabled.
 file:line:error style messages enabled.
 %&-line parsing enabled.
**"/Users/omer/Library/CloudStorage/GoogleDrive-omerulfaruk97@gmail.com/My Drive/MyReposDrive/obsidian_Notes/Landy Omer Re 1/av-dur-estimation/av_dur_article.tex"
(/Users/omer/Library/CloudStorage/GoogleDrive-omerulfaruk97@gmail.com/My Drive/MyReposDrive/obsidian_Notes/Landy Omer Re 1/av-dur-estimation/av_dur_article.tex
LaTeX2e <2024-11-01> patch level 2
L3 programming layer <2025-01-18>

! LaTeX Error: File `elife.cls' not found.

Type X to quit or <RETURN> to proceed,
or enter new name. (Default extension: cls)

Enter file name: 
/Users/omer/Library/CloudStorage/GoogleDrive-omerulfaruk97@gmail.com/My Drive/MyReposDrive/obsidian_Notes/Landy Omer Re 1/av-dur-estimation/av_dur_article.tex:6: Emergency stop.
<read *> 
         
l.6 \usepackage
               {booktabs,tabularx}^^M
*** (cannot \read from terminal in nonstop modes)

 
Here is how much of TeX's memory you used:
 20 strings out of 474662
 860 string characters out of 5751110
 388133 words of memory out of 5000000
 23159 multiletter control sequences out of 15000+600000
 558837 words of font info for 36 fonts, out of 8000000 for 9000
 319 hyphenation exceptions out of 8191
 19i,0n,29p,252b,17s stack positions out of 10000i,1000n,20000p,200000b,200000s
/Users/omer/Library/CloudStorage/GoogleDrive-omerulfaruk97@gmail.com/My Drive/MyReposDrive/obsidian_Notes/Landy Omer Re 1/av-dur-estimation/av_dur_article.tex:6:  ==> Fatal error occurred, no output PDF file produced!
